c:\users\samsung-isr\desktop\paui-(m-iti)\projects\paui-isr\paui\release\vc140.pdb
c:\users\samsung-isr\desktop\paui-(m-iti)\projects\paui-isr\paui\release\writetofile.obj
c:\users\samsung-isr\desktop\paui-(m-iti)\projects\paui-isr\paui\release\stdafx.obj
c:\users\samsung-isr\desktop\paui-(m-iti)\projects\paui-isr\paui\release\paui.obj
c:\users\samsung-isr\desktop\paui-(m-iti)\projects\paui-isr\paui\release\oglgraph.obj
c:\users\samsung-isr\desktop\paui-(m-iti)\projects\paui-isr\paui\release\emg.obj
c:\users\samsung-isr\desktop\paui-(m-iti)\projects\paui-isr\paui\release\eeg.obj
c:\users\samsung-isr\desktop\paui-(m-iti)\projects\paui-isr\paui\release\eda.obj
c:\users\samsung-isr\desktop\paui-(m-iti)\projects\paui-isr\paui\release\ecg.obj
c:\users\samsung-isr\desktop\paui-(m-iti)\projects\paui-isr\paui\release\cam.obj
c:\users\samsung-isr\desktop\paui-(m-iti)\projects\paui-isr\paui\release\bitalino.obj
c:\users\samsung-isr\desktop\paui-(m-iti)\projects\paui-isr\release\paui.exe
c:\users\samsung-isr\desktop\paui-(m-iti)\projects\paui-isr\release\paui.ipdb
c:\users\samsung-isr\desktop\paui-(m-iti)\projects\paui-isr\release\paui.iobj
c:\users\samsung-isr\desktop\paui-(m-iti)\projects\paui-isr\release\paui.pdb
c:\users\samsung-isr\desktop\paui-(m-iti)\projects\paui-isr\paui\release\paui.tlog\cl.command.1.tlog
c:\users\samsung-isr\desktop\paui-(m-iti)\projects\paui-isr\paui\release\paui.tlog\cl.read.1.tlog
c:\users\samsung-isr\desktop\paui-(m-iti)\projects\paui-isr\paui\release\paui.tlog\cl.write.1.tlog
c:\users\samsung-isr\desktop\paui-(m-iti)\projects\paui-isr\paui\release\paui.tlog\link.command.1.tlog
c:\users\samsung-isr\desktop\paui-(m-iti)\projects\paui-isr\paui\release\paui.tlog\link.read.1.tlog
c:\users\samsung-isr\desktop\paui-(m-iti)\projects\paui-isr\paui\release\paui.tlog\link.write.1.tlog
